c:\vna\trvna\programmıng examples and guıdes\programmıng examples\cpp\com\vna\debug\vna.pch
c:\vna\trvna\programmıng examples and guıdes\programmıng examples\cpp\com\vna\debug\vc142.pdb
c:\vna\trvna\programmıng examples and guıdes\programmıng examples\cpp\com\vna\debug\vc142.ıdb
c:\vna\trvna\programmıng examples and guıdes\programmıng examples\cpp\com\vna\debug\stdafx.obj
c:\vna\trvna\programmıng examples and guıdes\programmıng examples\cpp\com\vna\debug\vna.obj
c:\vna\trvna\programmıng examples and guıdes\programmıng examples\cpp\com\debug\vna.exe
c:\vna\trvna\programmıng examples and guıdes\programmıng examples\cpp\com\debug\vna.ılk
c:\vna\trvna\programmıng examples and guıdes\programmıng examples\cpp\com\debug\vna.pdb
c:\vna\trvna\programming examples and guides\programming examples\cpp\com\vna\debug\vcpkg.applocal.log
c:\vna\trvna\programming examples and guides\programming examples\cpp\com\debug\zlibd1.dll
c:\users\yigit\onedrive\masaüstü\signal registry\trvna-demo\vna\debug\stdafx.obj
c:\users\yigit\onedrive\masaüstü\signal registry\trvna-demo\vna\debug\vna.obj
c:\users\yigit\onedrive\masaüstü\signal registry\trvna-demo\vna\debug\trvna.tli
c:\users\yigit\onedrive\masaüstü\signal registry\trvna-demo\vna\debug\trvna.tlh
c:\users\yigit\onedrive\masaüstü\signal registry\trvna-demo\vna\debug\vna.pch
c:\users\yigit\onedrive\masaüstü\signal registry\trvna-demo\vna\debug\vc142.idb
c:\users\yigit\onedrive\masaüstü\signal registry\trvna-demo\vna\debug\vc142.pdb
c:\users\yigit\onedrive\masaüstü\signal registry\trvna-demo\debug\vna.pdb
c:\users\yigit\onedrive\masaüstü\signal registry\trvna-demo\debug\vna.exe
c:\users\yigit\onedrive\masaüstü\signal registry\trvna-demo\debug\vna.ilk
c:\users\yigit\onedrive\masaüstü\signal registry\trvna-demo\vna\debug\vna.tlog\cl.command.1.tlog
c:\users\yigit\onedrive\masaüstü\signal registry\trvna-demo\vna\debug\vna.tlog\cl.read.1.tlog
c:\users\yigit\onedrive\masaüstü\signal registry\trvna-demo\vna\debug\vna.tlog\cl.write.1.tlog
c:\users\yigit\onedrive\masaüstü\signal registry\trvna-demo\vna\debug\vna.tlog\link.command.1.tlog
c:\users\yigit\onedrive\masaüstü\signal registry\trvna-demo\vna\debug\vna.tlog\link.read.1.tlog
c:\users\yigit\onedrive\masaüstü\signal registry\trvna-demo\vna\debug\vna.tlog\link.write.1.tlog
c:\users\yigit\onedrive\masaüstü\signal registry\trvna-demo\vna\debug\vna.tlog\vna.write.1u.tlog
